<?xml version="1.0" encoding="UTF-8"?>
<testng-results skipped="0" failed="1" ignored="0" total="3" passed="2">
  <reporter-output>
  </reporter-output>
  <suite name="Suite" duration-ms="44971" started-at="2018-03-05T10:33:42Z" finished-at="2018-03-05T10:34:27Z">
    <groups>
    </groups>
    <test name="Test" duration-ms="38197" started-at="2018-03-05T10:33:42Z" finished-at="2018-03-05T10:34:20Z">
      <class name="com.MFPayment">
        <test-method status="PASS" signature="beforeClass()[pri:0, instance:com.MFPayment@490ab905]" name="beforeClass" is-config="true" duration-ms="8582" started-at="2018-03-05T10:33:42Z" finished-at="2018-03-05T10:33:50Z">
          <reporter-output>
          </reporter-output>
        </test-method> <!-- beforeClass -->
        <test-method status="FAIL" signature="testrun1()[pri:0, instance:com.MFPayment@490ab905]" name="testrun1" duration-ms="28369" started-at="2018-03-05T10:33:51Z" finished-at="2018-03-05T10:34:19Z">
          <exception class="org.openqa.selenium.NoSuchElementException">
            <message>
              <![CDATA[no such element: Unable to locate element: {"method":"xpath","selector":"html/body/div[1]/div/div/div/a"}
  (Session info: chrome=64.0.3282.168)
  (Driver info: chromedriver=2.35.528161 (5b82f2d2aae0ca24b877009200ced9065a772e73),platform=Windows NT 6.1.7601 SP1 x86_64) (WARNING: The server did not provide any stacktrace information)
Command duration or timeout: 72 milliseconds
For documentation on this error, please visit: http://seleniumhq.org/exceptions/no_such_element.html
Build info: version: '3.4.0', revision: 'unknown', time: 'unknown'
System info: host: 'INVANTO', ip: '192.168.1.9', os.name: 'Windows 7', os.arch: 'amd64', os.version: '6.1', java.version: '1.8.0_161'
Driver info: org.openqa.selenium.chrome.ChromeDriver
Capabilities [{applicationCacheEnabled=false, rotatable=false, mobileEmulationEnabled=false, networkConnectionEnabled=false, chrome={chromedriverVersion=2.35.528161 (5b82f2d2aae0ca24b877009200ced9065a772e73), userDataDir=C:\Users\admin\AppData\Local\Temp\scoped_dir2636_26126}, takesHeapSnapshot=true, pageLoadStrategy=normal, databaseEnabled=false, handlesAlerts=true, hasTouchScreen=false, version=64.0.3282.168, platform=XP, browserConnectionEnabled=false, nativeEvents=true, acceptSslCerts=false, acceptInsecureCerts=false, locationContextEnabled=true, webStorageEnabled=true, browserName=chrome, takesScreenshot=true, javascriptEnabled=true, cssSelectorsEnabled=true, setWindowRect=true, unexpectedAlertBehaviour=}]
Session ID: 157568f319f7f6aaef561cdf0328c239
*** Element info: {Using=xpath, value=html/body/div[1]/div/div/div/a}]]>
            </message>
            <full-stacktrace>
              <![CDATA[org.openqa.selenium.NoSuchElementException: no such element: Unable to locate element: {"method":"xpath","selector":"html/body/div[1]/div/div/div/a"}
  (Session info: chrome=64.0.3282.168)
  (Driver info: chromedriver=2.35.528161 (5b82f2d2aae0ca24b877009200ced9065a772e73),platform=Windows NT 6.1.7601 SP1 x86_64) (WARNING: The server did not provide any stacktrace information)
Command duration or timeout: 72 milliseconds
For documentation on this error, please visit: http://seleniumhq.org/exceptions/no_such_element.html
Build info: version: '3.4.0', revision: 'unknown', time: 'unknown'
System info: host: 'INVANTO', ip: '192.168.1.9', os.name: 'Windows 7', os.arch: 'amd64', os.version: '6.1', java.version: '1.8.0_161'
Driver info: org.openqa.selenium.chrome.ChromeDriver
Capabilities [{applicationCacheEnabled=false, rotatable=false, mobileEmulationEnabled=false, networkConnectionEnabled=false, chrome={chromedriverVersion=2.35.528161 (5b82f2d2aae0ca24b877009200ced9065a772e73), userDataDir=C:\Users\admin\AppData\Local\Temp\scoped_dir2636_26126}, takesHeapSnapshot=true, pageLoadStrategy=normal, databaseEnabled=false, handlesAlerts=true, hasTouchScreen=false, version=64.0.3282.168, platform=XP, browserConnectionEnabled=false, nativeEvents=true, acceptSslCerts=false, acceptInsecureCerts=false, locationContextEnabled=true, webStorageEnabled=true, browserName=chrome, takesScreenshot=true, javascriptEnabled=true, cssSelectorsEnabled=true, setWindowRect=true, unexpectedAlertBehaviour=}]
Session ID: 157568f319f7f6aaef561cdf0328c239
*** Element info: {Using=xpath, value=html/body/div[1]/div/div/div/a}
at sun.reflect.NativeConstructorAccessorImpl.newInstance0(Native Method)
at sun.reflect.NativeConstructorAccessorImpl.newInstance(NativeConstructorAccessorImpl.java:62)
at sun.reflect.DelegatingConstructorAccessorImpl.newInstance(DelegatingConstructorAccessorImpl.java:45)
at java.lang.reflect.Constructor.newInstance(Constructor.java:423)
at org.openqa.selenium.remote.ErrorHandler.createThrowable(ErrorHandler.java:215)
at org.openqa.selenium.remote.ErrorHandler.throwIfResponseFailed(ErrorHandler.java:167)
at org.openqa.selenium.remote.RemoteWebDriver.execute(RemoteWebDriver.java:671)
at org.openqa.selenium.remote.RemoteWebDriver.findElement(RemoteWebDriver.java:410)
at org.openqa.selenium.remote.RemoteWebDriver.findElementByXPath(RemoteWebDriver.java:509)
at org.openqa.selenium.By$ByXPath.findElement(By.java:361)
at org.openqa.selenium.remote.RemoteWebDriver.findElement(RemoteWebDriver.java:402)
at com.MFPayment.checkoutprocess(MFPayment.java:158)
at com.MFPayment.testrun1(MFPayment.java:165)
at sun.reflect.NativeMethodAccessorImpl.invoke0(Native Method)
at sun.reflect.NativeMethodAccessorImpl.invoke(NativeMethodAccessorImpl.java:62)
at sun.reflect.DelegatingMethodAccessorImpl.invoke(DelegatingMethodAccessorImpl.java:43)
at java.lang.reflect.Method.invoke(Method.java:498)
at org.testng.internal.MethodInvocationHelper.invokeMethod(MethodInvocationHelper.java:124)
at org.testng.internal.Invoker.invokeMethod(Invoker.java:580)
at org.testng.internal.Invoker.invokeTestMethod(Invoker.java:716)
at org.testng.internal.Invoker.invokeTestMethods(Invoker.java:988)
at org.testng.internal.TestMethodWorker.invokeTestMethods(TestMethodWorker.java:125)
at org.testng.internal.TestMethodWorker.run(TestMethodWorker.java:109)
at org.testng.TestRunner.privateRun(TestRunner.java:648)
at org.testng.TestRunner.run(TestRunner.java:505)
at org.testng.SuiteRunner.runTest(SuiteRunner.java:455)
at org.testng.SuiteRunner.runSequentially(SuiteRunner.java:450)
at org.testng.SuiteRunner.privateRun(SuiteRunner.java:415)
at org.testng.SuiteRunner.run(SuiteRunner.java:364)
at org.testng.SuiteRunnerWorker.runSuite(SuiteRunnerWorker.java:52)
at org.testng.SuiteRunnerWorker.run(SuiteRunnerWorker.java:84)
at org.testng.TestNG.runSuitesSequentially(TestNG.java:1208)
at org.testng.TestNG.runSuitesLocally(TestNG.java:1137)
at org.testng.TestNG.runSuites(TestNG.java:1049)
at org.testng.TestNG.run(TestNG.java:1017)
at org.testng.TestNG.privateMain(TestNG.java:1354)
at org.testng.TestNG.main(TestNG.java:1323)
]]>
            </full-stacktrace>
          </exception> <!-- org.openqa.selenium.NoSuchElementException -->
          <reporter-output>
          </reporter-output>
        </test-method> <!-- testrun1 -->
        <test-method status="PASS" signature="screenShot(org.testng.ITestResult)[pri:0, instance:com.MFPayment@490ab905]" name="screenShot" is-config="true" duration-ms="741" started-at="2018-03-05T10:34:19Z" finished-at="2018-03-05T10:34:20Z">
          <params>
            <param index="0">
              <value>
                <![CDATA[[TestResult name=testrun1 status=FAILURE method=MFPayment.testrun1()[pri:0, instance:com.MFPayment@490ab905] output={null}]]]>
              </value>
            </param>
          </params>
          <reporter-output>
          </reporter-output>
        </test-method> <!-- screenShot -->
        <test-method status="PASS" signature="afterClass()[pri:0, instance:com.MFPayment@490ab905]" name="afterClass" is-config="true" duration-ms="1" started-at="2018-03-05T10:34:20Z" finished-at="2018-03-05T10:34:20Z">
          <reporter-output>
          </reporter-output>
        </test-method> <!-- afterClass -->
      </class> <!-- com.MFPayment -->
    </test> <!-- Test -->
    <test name="Test1" duration-ms="3126" started-at="2018-03-05T10:34:20Z" finished-at="2018-03-05T10:34:23Z">
      <class name="com.dbconnection">
        <test-method status="PASS" signature="beforeClass()[pri:0, instance:com.dbconnection@617faa95]" name="beforeClass" is-config="true" duration-ms="1" started-at="2018-03-05T10:34:20Z" finished-at="2018-03-05T10:34:20Z">
          <reporter-output>
          </reporter-output>
        </test-method> <!-- beforeClass -->
        <test-method status="PASS" signature="dbcheck()[pri:0, instance:com.dbconnection@617faa95]" name="dbcheck" duration-ms="3124" started-at="2018-03-05T10:34:20Z" finished-at="2018-03-05T10:34:23Z">
          <reporter-output>
          </reporter-output>
        </test-method> <!-- dbcheck -->
        <test-method status="PASS" signature="afterClass()[pri:0, instance:com.dbconnection@617faa95]" name="afterClass" is-config="true" duration-ms="1" started-at="2018-03-05T10:34:23Z" finished-at="2018-03-05T10:34:23Z">
          <reporter-output>
          </reporter-output>
        </test-method> <!-- afterClass -->
      </class> <!-- com.dbconnection -->
    </test> <!-- Test1 -->
    <test name="Test2" duration-ms="3274" started-at="2018-03-05T10:34:23Z" finished-at="2018-03-05T10:34:27Z">
      <class name="com.DBverify">
        <test-method status="PASS" signature="beforeClass()[pri:0, instance:com.DBverify@31610302]" name="beforeClass" is-config="true" duration-ms="1" started-at="2018-03-05T10:34:23Z" finished-at="2018-03-05T10:34:23Z">
          <reporter-output>
          </reporter-output>
        </test-method> <!-- beforeClass -->
        <test-method status="PASS" signature="verifydbrecords()[pri:0, instance:com.DBverify@31610302]" name="verifydbrecords" duration-ms="3266" started-at="2018-03-05T10:34:23Z" finished-at="2018-03-05T10:34:27Z">
          <reporter-output>
          </reporter-output>
        </test-method> <!-- verifydbrecords -->
        <test-method status="PASS" signature="screenShot(org.testng.ITestResult)[pri:0, instance:com.DBverify@31610302]" name="screenShot" is-config="true" duration-ms="1" started-at="2018-03-05T10:34:27Z" finished-at="2018-03-05T10:34:27Z">
          <params>
            <param index="0">
              <value>
                <![CDATA[[TestResult name=verifydbrecords status=SUCCESS method=DBverify.verifydbrecords()[pri:0, instance:com.DBverify@31610302] output={null}]]]>
              </value>
            </param>
          </params>
          <reporter-output>
          </reporter-output>
        </test-method> <!-- screenShot -->
        <test-method status="PASS" signature="afterClass()[pri:0, instance:com.DBverify@31610302]" name="afterClass" is-config="true" duration-ms="0" started-at="2018-03-05T10:34:27Z" finished-at="2018-03-05T10:34:27Z">
          <reporter-output>
          </reporter-output>
        </test-method> <!-- afterClass -->
      </class> <!-- com.DBverify -->
    </test> <!-- Test2 -->
  </suite> <!-- Suite -->
</testng-results>
